
...table 1
...
#tab_ive: ($1@Resize),(in.format@YUV400),(in.res@640x480),(out.format@YUV400),(out.res@224x224),($d1.fps@18969.5),($d1.rate@100),($d1_copy.fps@18468),($d1_copy.rate@99),(h2d_size@0.29),(h2d_time@0.63)
....
#tab_ive: ($1@Resize),(in.format@RGB_PLANAR),(in.res@1920x1080),(out.format@YUV400),(out.res@224x224),  ($d1.fps@2690.19),($d1.rate@100),($d1_copy.fps@853.268),($d1_copy.rate@35),(h2d_size@5.93),(h2d_time@7.715)
#tab_ive: ($1@CvtColor),(in.format@YUV420),(in.res@1280x720), (out.format@RGB_PLANAR/RGB_PACKED/YUV444),(out.res@1280x720),($d1.fps@1082.6),($d1.rate@100),($d1_copy.fps@1080.55), ($d1_copy.rate@100),(h2d_size@1.32),(h2d_time@2.044)
...
...
#tab_ive: ($1@Resize),(in.format@RGB_PLANAR),(in.res@256x256),(out.format@YUV400),  (out.res@1024x1024),($d1.fps@947.92), ($d1.rate@100),($d1_copy.fps@946.962),($d1_copy.rate@100),(h2d_size@0.1875),(h2d_time@0.484)
#tab_ive: ($1@Resize),(in.format@RGB_PLANAR),(in.res@1920x1080),(out.format@YUV400),(out.res@1024x1024),($d1.fps@545.703),($d1.rate@100),($d1_copy.fps@503.539),($d1_copy.rate@98),(h2d_size@5.93),(h2d_time@7.683)
...
#tab_ive: ($1@CvtColor),(in.format@YUV420),(in.res@1920x1080),(out.format@RGB_PLANAR/RGB_PACKED/YUV444),(out.res@1920x1080),($d1.fps@480.366),($d1.rate@100),($d1_copy.fps@480.282), ($d1_copy.rate@100),(h2d_size@3),(h2d_time@4.097)
...
#tab_ive: ($1@Resize),(in.format@RGB_PLANAR),(in.res@1920x1080),(out.format@YUV400),(out.res@2048x2048),($d1.fps@237.727),($d1.rate@100),($d1_copy.fps@226.873),($d1_copy.rate@100),(h2d_size@5.93),(h2d_time@7.683)
#tab_ive: ($1@Resize),(in.format@RGB_PLANAR),(in.res@3840x2160),(out.format@YUV400),(out.res@1024x1024),($d1.fps@290.252),($d1.rate@100),($d1_copy.fps@189.045),($d1_copy.rate@72),(h2d_size@23.95),(h2d_time@29.821)
#tab_ive: ($1@Resize),(in.format@RGB_PLANAR),(in.res@3840x2160),(out.format@YUV400),(out.res@2048x2048),($d1.fps@139.121),($d1.rate@100),($d1_copy.fps@128.14), ($d1_copy.rate@98),(h2d_size@23.95),(h2d_time@29.821)
...
#tab_ive: ($1@CvtColor),(in.format@YUV420),(in.res@640x480),  (out.format@RGB_PLANAR/RGB_PACKED/YUV444),(out.res@640x480),($d1.fps@3237.86),($d1.rate@98),($d1_copy.fps@3231.45), ($d1_copy.rate@100),(h2d_size@0.44),(h2d_time@0.851)
...
...
... table 2
#tab_nnp: (model@resnet50), (thread@0), (step@dclmdlLoadFromFile),  (device.ms@3.5),(pcie.ms@4.2)
#tab_nnp: (model@resnet50), (thread@1), (step@dclmdlExecute),  (device.ms@2.594), (device.fps@385.9)
#tab_nnp: (model@resnet50), (thread@1), (step@copyH2D),  (device.ms@0.594), (device.fps@300), (pcie.ms@3.4), (pcie.fps@100)
#tab_nnp: (model@resnet50), (thread@1), (step@copyD2H),  (device.ms@1.24), (device.fps@310), (pcie.ms@3.4), (pcie.fps@100)
#tab_nnp: (model@resnet50), (thread@2), (step@dclmdlExecute),  (device.ms@2.594), (device.fps@385.9)
#tab_nnp: (model@resnet50), (thread@2), (step@copyH2D),  (device.ms@5.94), (device.fps@320), (pcie.ms@4.4), (pcie.fps@110)
#tab_nnp: (model@resnet50), (thread@2), (step@copyD2H),  (device.ms@2.24), (device.fps@310), (pcie.ms@3.4), (pcie.fps@120)
#tab_nnp: (model@resnet50), (thread@4), (step@dclmdlExecute),  (device.ms@2.594), (device.fps@35.9)
#tab_nnp: (model@resnet50), (thread@4), (step@copyH2D),  (device.ms@9.4), (device.fps@320), (pcie.ms@4.4), (pcie.fps@140)
#tab_nnp: (model@resnet50), (thread@4), (step@copyD2H),  (device.ms@2.4), (device.fps@330), (pcie.ms@3.4), (pcie.fps@90)
...
....
#tab_nnp: (model@mobileNet-V2), (thread@0), (step@dclmdlLoadFromFile),  (device.ms@3.5),(pcie.ms@2.2)
#tab_nnp: (model@mobileNet-V2), (thread@1), (step@dclmdlExecute),  (device.ms@2.594), (device.fps@35.9)
#tab_nnp: (model@mobileNet-V2), (thread@1), (step@copyH2D),  (device.ms@0.94), (device.fps@10), (pcie.ms@38.4), (pcie.fps@10)
#tab_nnp: (model@mobileNet-V2), (thread@1), (step@copyD2H),  (device.ms@1.44), (device.fps@310), (pcie.ms@3.4), (pcie.fps@180)
#tab_nnp: (model@mobileNet-V2), (thread@2), (step@dclmdlExecute),  (device.ms@2.4), (device.fps@385.9)
#tab_nnp: (model@mobileNet-V2), (thread@2), (step@copyH2D),  (device.ms@7.94), (device.fps@320), (pcie.ms@4.4), (pcie.fps@310)
#tab_nnp: (model@mobileNet-V2), (thread@2), (step@copyD2H),  (device.ms@8.24), (device.fps@310), (pcie.ms@3.4), (pcie.fps@620)
#tab_nnp: (model@mobileNet-V2), (thread@4), (step@dclmdlExecute),  (device.ms@2.594), (device.fps@35.9)
#tab_nnp: (model@mobileNet-V2), (thread@4), (step@copyH2D),  (device.ms@9.4), (device.fps@320), (pcie.ms@4.4), (pcie.fps@1240)
#tab_nnp: (model@mobileNet-V2), (thread@4), (step@copyD2H),  (device.ms@4.4), (device.fps@330), (pcie.ms@3.4), (pcie.fps@9110)
...