
...table 1
#tab_nnp: (model@resnet50), (thread@0), (step@dclmdlLoadFromFile),  (pcie.ms@5.5)
#tab_nnp: (model@resnet50), (thread@1), (step@copyH2D),  (pcie.ms@6.4), 
#tab_nnp: (model@resnet50), (thread@1), (step@copyD2H),  (pcie.ms@8.2),
#tab_nnp: (model@resnet50), (thread@1), (step@dclmdlExecute),  (pcie.ms@4.0),
#tab_nnp: (model@resnet50), (thread@2), (step@copyH2D),  (pcie.ms@6.1), 
#tab_nnp: (model@resnet50), (thread@2), (step@copyD2H),  (pcie.ms@2.2),
#tab_nnp: (model@resnet50), (thread@2), (step@dclmdlExecute),  (pcie.ms@3.3),
#tab_nnp: (model@resnet50), (thread@4), (step@copyH2D),  (pcie.ms@4.8), 
#tab_nnp: (model@resnet50), (thread@4), (step@copyD2H),  (pcie.ms@5.1),
#tab_nnp: (model@resnet50), (thread@4), (step@dclmdlExecute),  (pcie.ms@5.6),
...
....
#tab_nnp: (model@mobileNet-V2), (thread@0), (step@dclmdlLoadFromFile),  (pcie.ms@3.5)
#tab_nnp: (model@mobileNet-V2), (thread@1), (step@copyH2D),  (pcie.ms@6.8), 
#tab_nnp: (model@mobileNet-V2), (thread@1), (step@copyD2H),  (pcie.ms@4.2),
#tab_nnp: (model@mobileNet-V2), (thread@1), (step@dclmdlExecute),  (pcie.ms@5.0),
#tab_nnp: (model@mobileNet-V2), (thread@2), (step@copyH2D),  (pcie.ms@7.1), 
#tab_nnp: (model@mobileNet-V2), (thread@2), (step@copyD2H),  (pcie.ms@1.2),
#tab_nnp: (model@mobileNet-V2), (thread@2), (step@dclmdlExecute),  (pcie.ms@2.3),
#tab_nnp: (model@mobileNet-V2), (thread@4), (step@copyH2D),  (pcie.ms@3.8), 
#tab_nnp: (model@mobileNet-V2), (thread@4), (step@copyD2H),  (pcie.ms@4.9),
#tab_nnp: (model@mobileNet-V2), (thread@4), (step@dclmdlExecute),  (pcie.ms@6.6),
...
